{"/Users/pereira/Projetos/full-cycle/fc-ci/src/fullName.js": {"path":"/Users/pereira/Projetos/full-cycle/fc-ci/src/fullName.js","statementMap":{"0":{"start":{"line":2,"column":2},"end":{"line":2,"column":37}},"1":{"start":{"line":6,"column":2},"end":{"line":6,"column":28}},"2":{"start":{"line":9,"column":0},"end":{"line":12,"column":1}}},"fnMap":{"0":{"name":"generateFullName","decl":{"start":{"line":1,"column":9},"end":{"line":1,"column":25}},"loc":{"start":{"line":1,"column":38},"end":{"line":3,"column":1}},"line":1},"1":{"name":"generateLastName","decl":{"start":{"line":5,"column":9},"end":{"line":5,"column":25}},"loc":{"start":{"line":5,"column":32},"end":{"line":7,"column":1}},"line":5}},"branchMap":{},"s":{"0":1,"1":0,"2":1},"f":{"0":1,"1":0},"b":{},"_coverageSchema":"1a1c01bbd47fc00a2c39e90264f33305004495a9","hash":"f51cfbd32f70c3f74c3c9c0e13f113f970ac26b2"}
}
