{"/Users/pereira/Projetos/full-cycle/fc-ci/src/fullName.js": {"path":"/Users/pereira/Projetos/full-cycle/fc-ci/src/fullName.js","statementMap":{"0":{"start":{"line":1,"column":25},"end":{"line":2,"column":29}},"1":{"start":{"line":2,"column":1},"end":{"line":2,"column":29}},"2":{"start":{"line":4,"column":25},"end":{"line":4,"column":54}},"3":{"start":{"line":4,"column":35},"end":{"line":4,"column":54}},"4":{"start":{"line":6,"column":0},"end":{"line":9,"column":2}}},"fnMap":{"0":{"name":"(anonymous_0)","decl":{"start":{"line":1,"column":25},"end":{"line":1,"column":26}},"loc":{"start":{"line":2,"column":1},"end":{"line":2,"column":29}},"line":2},"1":{"name":"(anonymous_1)","decl":{"start":{"line":4,"column":25},"end":{"line":4,"column":26}},"loc":{"start":{"line":4,"column":35},"end":{"line":4,"column":54}},"line":4}},"branchMap":{},"s":{"0":1,"1":1,"2":1,"3":1,"4":1},"f":{"0":1,"1":1},"b":{},"_coverageSchema":"1a1c01bbd47fc00a2c39e90264f33305004495a9","hash":"a1f2ee03868000d6117ce7f12ce9a99e3889e851"}
}
